#
# There is insufficient memory for the Java Runtime Environment to continue.
# Native memory allocation (mmap) failed to map 65536 bytes for Failed to commit area from 0x0000021d40870000 to 0x0000021d40880000 of length 65536.
# Possible reasons:
#   The system is out of physical RAM or swap space
#   The process is running with CompressedOops enabled, and the Java Heap may be blocking the growth of the native heap
# Possible solutions:
#   Reduce memory load on the system
#   Increase physical memory or swap space
#   Check if swap backing store is full
#   Decrease Java heap size (-Xmx/-Xms)
#   Decrease number of Java threads
#   Decrease Java thread stack sizes (-Xss)
#   Set larger code cache with -XX:ReservedCodeCacheSize=
# This output file may be truncated or incomplete.
#
#  Out of Memory Error (./src/hotspot/os/windows/os_windows.cpp:3303), pid=13088, tid=10104
#
# JRE version:  (11.0.8+10) (build )
# Java VM: OpenJDK 64-Bit Server VM (11.0.8+10-b944.6842174, mixed mode, sharing, tiered, compressed oops, g1 gc, windows-amd64)
# No core dump will be written. Minidumps are not enabled by default on client versions of Windows
#

---------------  S U M M A R Y ------------

Command Line: 

Host: Intel(R) Xeon(R) CPU           E5630  @ 2.53GHz, 16 cores, 15G,  Windows 10 , 64 bit Build 19041 (10.0.19041.1503)
Time: Fri Feb 11 01:15:00 2022 Pakistan Standard Time elapsed time: 0 seconds (0d 0h 0m 0s)

---------------  T H R E A D  ---------------

Current thread (0x0000021d25c2a000):  JavaThread "Unknown thread" [_thread_in_vm, id=10104, stack(0x000000e952c00000,0x000000e952d00000)]

Stack: [0x000000e952c00000,0x000000e952d00000]
Native frames: (J=compiled Java code, j=interpreted, Vv=VM code, C=native code)
V  [jvm.dll+0x5de50a]
V  [jvm.dll+0x7122f5]
V  [jvm.dll+0x71384d]
V  [jvm.dll+0x713f03]
V  [jvm.dll+0x23e728]
V  [jvm.dll+0x5db9a4]
V  [jvm.dll+0x5d0ae5]
V  [jvm.dll+0x2fb20b]
V  [jvm.dll+0x2fb17a]
V  [jvm.dll+0x2fb052]
V  [jvm.dll+0x300025]
V  [jvm.dll+0x348767]
V  [jvm.dll+0x348e46]
V  [jvm.dll+0x348843]
V  [jvm.dll+0x2d5d68]
V  [jvm.dll+0x2d6f07]
V  [jvm.dll+0x6f11f7]
V  [jvm.dll+0x6f29ec]
V  [jvm.dll+0x355cb9]
V  [jvm.dll+0x6d4ade]
V  [jvm.dll+0x3bdfe3]
V  [jvm.dll+0x3c0201]
C  [jli.dll+0x5373]
C  [ucrtbase.dll+0x21bb2]
C  [KERNEL32.DLL+0x17034]
C  [ntdll.dll+0x52651]


---------------  P R O C E S S  ---------------

Threads class SMR info:
_java_thread_list=0x0000021d25b22bb0, length=0, elements={
}

Java Threads: ( => current thread )

Other Threads:
  0x0000021d25c41000 GCTaskThread "GC Thread#0" [stack: 0x000000e952d00000,0x000000e952e00000] [id=13672]
  0x0000021d25ca0000 ConcurrentGCThread "G1 Main Marker" [stack: 0x000000e952e00000,0x000000e952f00000] [id=2484]
  0x0000021d25ca2800 ConcurrentGCThread "G1 Conc#0" [stack: 0x000000e952f00000,0x000000e953000000] [id=556]

[error occurred during error reporting (printing all threads), id 0xc0000005, EXCEPTION_ACCESS_VIOLATION (0xc0000005) at pc=0x00007ffd87106357]

VM state:not at safepoint (not fully initialized)

VM Mutex/Monitor currently owned by a thread:  ([mutex/lock_event])
[0x0000021d25c26880] Heap_lock - owner thread: 0x0000021d25c2a000

Heap address: 0x0000000700000000, size: 4096 MB, Compressed Oops mode: Non-zero based: 0x0000000700000000
Narrow klass base: 0x0000000000000000, Narrow klass shift: 0

GC Heap History (0 events):
No events

Deoptimization events (0 events):
No events

Classes redefined (0 events):
No events

Internal exceptions (0 events):
No events

Events (1 events):
Event: 0.017 Loaded shared library C:\Program Files\Android\Android Studio\jre\bin\zip.dll


Dynamic libraries:
0x00007ff614110000 - 0x00007ff61411a000 	C:\Program Files\Android\Android Studio\jre\bin\java.EXE
0x00007ffdbaaf0000 - 0x00007ffdbace5000 	C:\WINDOWS\SYSTEM32\ntdll.dll
0x00007ffdba9f0000 - 0x00007ffdbaaae000 	C:\WINDOWS\System32\KERNEL32.DLL
0x00007ffdb84f0000 - 0x00007ffdb87b8000 	C:\WINDOWS\System32\KERNELBASE.dll
0x00007ffdb8300000 - 0x00007ffdb8400000 	C:\WINDOWS\System32\ucrtbase.dll
0x00007ffda66f0000 - 0x00007ffda6709000 	C:\Program Files\Android\Android Studio\jre\bin\jli.dll
0x00007ffda66d0000 - 0x00007ffda66e7000 	C:\Program Files\Android\Android Studio\jre\bin\VCRUNTIME140.dll
0x00007ffdb9ab0000 - 0x00007ffdb9c50000 	C:\WINDOWS\System32\USER32.dll
0x00007ffdb8920000 - 0x00007ffdb8942000 	C:\WINDOWS\System32\win32u.dll
0x00007ffda8360000 - 0x00007ffda85fa000 	C:\WINDOWS\WinSxS\amd64_microsoft.windows.common-controls_6595b64144ccf1df_6.0.19041.1110_none_60b5254171f9507e\COMCTL32.dll
0x00007ffdb99b0000 - 0x00007ffdb99db000 	C:\WINDOWS\System32\GDI32.dll
0x00007ffdb9890000 - 0x00007ffdb992e000 	C:\WINDOWS\System32\msvcrt.dll
0x00007ffdb8a30000 - 0x00007ffdb8b3d000 	C:\WINDOWS\System32\gdi32full.dll
0x00007ffdb8400000 - 0x00007ffdb849d000 	C:\WINDOWS\System32\msvcp_win.dll
0x00007ffdb9cd0000 - 0x00007ffdb9d00000 	C:\WINDOWS\System32\IMM32.DLL
0x00007ffd9bea0000 - 0x00007ffd9bf3d000 	C:\Program Files\Android\Android Studio\jre\bin\msvcp140.dll
0x00007ffd86e20000 - 0x00007ffd878dc000 	C:\Program Files\Android\Android Studio\jre\bin\server\jvm.dll
0x00007ffdb92f0000 - 0x00007ffdb939e000 	C:\WINDOWS\System32\ADVAPI32.dll
0x00007ffdb9fb0000 - 0x00007ffdba04c000 	C:\WINDOWS\System32\sechost.dll
0x00007ffdba860000 - 0x00007ffdba985000 	C:\WINDOWS\System32\RPCRT4.dll
0x00007ffdba050000 - 0x00007ffdba058000 	C:\WINDOWS\System32\PSAPI.DLL
0x00007ffdb3ea0000 - 0x00007ffdb3ea9000 	C:\WINDOWS\SYSTEM32\WSOCK32.dll
0x00007ffdb04d0000 - 0x00007ffdb04da000 	C:\WINDOWS\SYSTEM32\VERSION.dll
0x00007ffdb97c0000 - 0x00007ffdb982b000 	C:\WINDOWS\System32\WS2_32.dll
0x00007ffdb0340000 - 0x00007ffdb0367000 	C:\WINDOWS\SYSTEM32\WINMM.dll
0x00007ffdb60d0000 - 0x00007ffdb60e2000 	C:\WINDOWS\SYSTEM32\kernel.appcore.dll
0x00007ffdaf7f0000 - 0x00007ffdaf801000 	C:\Program Files\Android\Android Studio\jre\bin\verify.dll
0x00007ffda2520000 - 0x00007ffda2704000 	C:\WINDOWS\SYSTEM32\DBGHELP.DLL
0x00007ffda24d0000 - 0x00007ffda24fc000 	C:\WINDOWS\SYSTEM32\dbgcore.DLL
0x00007ffdb8200000 - 0x00007ffdb8282000 	C:\WINDOWS\System32\bcryptPrimitives.dll
0x00007ffda8f70000 - 0x00007ffda8f99000 	C:\Program Files\Android\Android Studio\jre\bin\java.dll
0x00007ffdaf6f0000 - 0x00007ffdaf6fb000 	C:\Program Files\Android\Android Studio\jre\bin\jimage.dll
0x00007ffda8dc0000 - 0x00007ffda8dd8000 	C:\Program Files\Android\Android Studio\jre\bin\zip.dll

dbghelp: loaded successfully - version: 4.0.5 - missing functions: none
symbol engine: initialized successfully - sym options: 0x614 - pdb path: .;C:\Program Files\Android\Android Studio\jre\bin;C:\WINDOWS\SYSTEM32;C:\WINDOWS\WinSxS\amd64_microsoft.windows.common-controls_6595b64144ccf1df_6.0.19041.1110_none_60b5254171f9507e;C:\Program Files\Android\Android Studio\jre\bin\server

VM Arguments:
java_command: <unknown>
java_class_path (initial): <not set>
Launcher Type: SUN_STANDARD

[Global flags]
     intx CICompilerCount                          = 12                                        {product} {ergonomic}
     uint ConcGCThreads                            = 3                                         {product} {ergonomic}
     uint G1ConcRefinementThreads                  = 13                                        {product} {ergonomic}
   size_t G1HeapRegionSize                         = 1048576                                   {product} {ergonomic}
    uintx GCDrainStackTargetSize                   = 64                                        {product} {ergonomic}
   size_t InitialHeapSize                          = 268435456                                 {product} {ergonomic}
   size_t MarkStackSize                            = 4194304                                   {product} {ergonomic}
   size_t MaxHeapSize                              = 4294967296                                {product} {ergonomic}
   size_t MinHeapDeltaBytes                        = 1048576                                   {product} {ergonomic}
    uintx NonNMethodCodeHeapSize                   = 7594288                                {pd product} {ergonomic}
    uintx NonProfiledCodeHeapSize                  = 122031976                              {pd product} {ergonomic}
    uintx ProfiledCodeHeapSize                     = 122031976                              {pd product} {ergonomic}
    uintx ReservedCodeCacheSize                    = 251658240                              {pd product} {ergonomic}
     bool SegmentedCodeCache                       = true                                      {product} {ergonomic}
     bool UseCompressedClassPointers               = true                                 {lp64_product} {ergonomic}
     bool UseCompressedOops                        = true                                 {lp64_product} {ergonomic}
     bool UseG1GC                                  = true                                      {product} {ergonomic}
     bool UseLargePagesIndividualAllocation        = false                                  {pd product} {ergonomic}

Logging:
Log output configuration:
 #0: stdout all=warning uptime,level,tags
 #1: stderr all=off uptime,level,tags

Environment Variables:
JAVA_HOME=C:\Program Files\OpenJDK\openjdk-8u302-b08
PATH=C:\Program Files\Common Files\Oracle\Java\javapath;C:\Program Files (x86)\Common Files\Oracle\Java\javapath;C:\WINDOWS\system32;C:\WINDOWS;C:\WINDOWS\System32\Wbem;C:\WINDOWS\System32\WindowsPowerShell\v1.0\;C:\WINDOWS\System32\OpenSSH\;C:\Users\Admin PC\AppData\Local\Android\Sdk;C:\Users\Admin PC\AppData\Local\Android\Sdk\tools;C:\path\to\the\jre\bin;C:\Users\Admin PC\AppData\Local\Android\Sdk\tools\bin;C:\Users\Admin PC\AppData\Local\Android\Sdk\platform-tools;C:\ProgramData\chocolatey\bin;C:\Program Files\NVIDIA Corporation\Nsight Compute 2021.1.0\;C:\Program Files (x86)\NVIDIA Corporation\PhysX\Common;C:\xampp\php;C:\composer;C:\Program Files\nodejs\;C:\Program Files\OpenJDK\openjdk-8u302-b08\bin;D:\Microsoft VS Code\bin;C:\Program Files\Docker\Docker\resources\bin;C:\Program Files\Git\bin;C:\Program Files\Go\bin;C:\Users\Admin PC\AppData\Local\Microsoft\WindowsApps;C:\Users\Admin PC\AppData\Roaming\Composer\vendor\bin;C:\Users\Admin PC\AppData\Roaming\npm;D:\Microsoft VS Code\bin;C:\Users\Admin PC\AppData\Local\GitHubDesktop\bin;C:\Users\Admin PC\AppData\Local\Android\Sdk\tools\bin;C:\Users\Admin PC\AppData\Local\Android\Sdk\platform-tools;C:\Users\Admin PC\AppData\Local\Android\Sdk;C:\Program Files\src\flutter\bin;C:\Users\Admin PC\go\bin;C:\Program Files\src\flutter\bin\mingit\cmd
USERNAME=Admin PC
OS=Windows_NT
PROCESSOR_IDENTIFIER=Intel64 Family 6 Model 44 Stepping 2, GenuineIntel



---------------  S Y S T E M  ---------------

OS: Windows 10 , 64 bit Build 19041 (10.0.19041.1503)
OS uptime: 0 days 13:00 hours
HyperV virtualization detected

CPU:total 16 (initial active 16) (4 cores per cpu, 2 threads per core) family 6 model 44 stepping 2, cmov, cx8, fxsr, mmx, sse, sse2, sse3, ssse3, sse4.1, sse4.2, popcnt, aes, clmul, ht, tsc, tscinvbit, tscinv

Memory: 4k page, system-wide physical 16381M (3501M free)
TotalPageFile size 115668M (AvailPageFile size 3M)
current process WorkingSet (physical memory assigned to process): 14M, peak: 14M
current process commit charge ("private bytes"): 334M, peak: 334M

vm_info: OpenJDK 64-Bit Server VM (11.0.8+10-b944.6842174) for windows-amd64 JRE (11.0.8+10-b944.6842174), built on Sep 19 2020 01:11:42 by "builder" with MS VC++ 14.0 (VS2015)

END.
